<?xml version="1.0" encoding="UTF-8"?>
<!-- Generated by org.testng.reporters.JUnitReportReporter -->
<testsuite hostname="LAPTOP-SNM05K5C" name="testcases.LoginTestCRMPro" tests="1" failures="0" timestamp="19 Jul 2020 13:21:53 GMT" time="12.519" errors="0">
  <testcase name="loginAsAdmin" time="12.519" classname="testcases.LoginTestCRMPro"/>
</testsuite> <!-- testcases.LoginTestCRMPro -->
