<?xml version="1.0" encoding="UTF-8"?>
<!-- Generated by org.testng.reporters.JUnitReportReporter -->
<testsuite hostname="LAPTOP-SNM05K5C" name="unitTestCases.TestConfigDataProvider" tests="1" failures="0" timestamp="19 Jul 2020 14:03:40 GMT" time="0.016" errors="0">
  <testcase name="testConfig" time="0.016" classname="unitTestCases.TestConfigDataProvider"/>
</testsuite> <!-- unitTestCases.TestConfigDataProvider -->
