<?xml version="1.0" encoding="UTF-8"?>
<!-- Generated by org.testng.reporters.JUnitReportReporter -->
<testsuite hostname="LAPTOP-SNM05K5C" name="unitTestCases.TestExcelDataProvider" tests="1" failures="0" timestamp="19 Jul 2020 14:04:58 GMT" time="0.591" errors="0">
  <testcase name="testExcel" time="0.591" classname="unitTestCases.TestExcelDataProvider"/>
</testsuite> <!-- unitTestCases.TestExcelDataProvider -->
